[2023-12-16 12:16:44] Executing bootstrap tasks
[2023-12-16 12:16:44] Java(TM) SE Runtime Environment 1.8.0_381-b09
[2023-12-16 12:16:44] Product org.eclipse.products.epp.package.jee.2020-06
[2023-12-16 12:16:44] Bundle org.eclipse.oomph.setup 1.17.0.v20200606-0914, build=4683, branch=11a8454bc4da69195dc3e9f065bbd8fe43f77e1e
[2023-12-16 12:16:44] Bundle org.eclipse.oomph.setup.core 1.17.0.v20200531-1047, build=4683, branch=11a8454bc4da69195dc3e9f065bbd8fe43f77e1e
[2023-12-16 12:16:44] Bundle org.eclipse.oomph.setup.p2 1.15.0.v20200531-1047, build=4683, branch=11a8454bc4da69195dc3e9f065bbd8fe43f77e1e
[2023-12-16 12:16:44] Performing P2 Director (Eclipse IDE for Enterprise Java and Web Developers (2020-06))
[2023-12-16 12:16:44] Offline = false
[2023-12-16 12:16:44] Mirrors = true
[2023-12-16 12:16:44] Resolving 86 requirements from 3 repositories to C:\Users\chand\eclipse\jee-2020-06\eclipse
[2023-12-16 12:16:44] Requirement org.eclipse.equinox.p2.iu:epp.package.jee [4.16.0,5.0.0) (filter=(|(&(osgi.arch=x86_64)(osgi.os=linux)(osgi.ws=gtk))(&(osgi.arch=x86_64)(osgi.os=macosx)(osgi.ws=cocoa))(&(osgi.arch=x86_64)(osgi.os=win32)(osgi.ws=win32))))
[2023-12-16 12:16:44] Requirement org.eclipse.equinox.p2.iu:org.eclipse.platform.feature.group [4.16.0,5.0.0)
[2023-12-16 12:16:44] Requirement org.eclipse.equinox.p2.iu:org.eclipse.rcp.feature.group [4.16.0,5.0.0)
[2023-12-16 12:16:44] Requirement org.eclipse.equinox.p2.iu:org.eclipse.buildship.feature.group
[2023-12-16 12:16:44] Requirement org.eclipse.equinox.p2.iu:org.eclipse.cft.server.core.feature.feature.group
[2023-12-16 12:16:44] Requirement org.eclipse.equinox.p2.iu:org.eclipse.cft.server.ui.feature.feature.group
[2023-12-16 12:16:44] Requirement org.eclipse.equinox.p2.iu:org.eclipse.datatools.common.doc.user.feature.group
[2023-12-16 12:16:44] Requirement org.eclipse.equinox.p2.iu:org.eclipse.datatools.connectivity.doc.user.feature.group
[2023-12-16 12:16:44] Requirement org.eclipse.equinox.p2.iu:org.eclipse.datatools.connectivity.feature.feature.group
[2023-12-16 12:16:44] Requirement org.eclipse.equinox.p2.iu:org.eclipse.datatools.connectivity.oda.designer.core.feature.feature.group
[2023-12-16 12:16:44] Requirement org.eclipse.equinox.p2.iu:org.eclipse.datatools.connectivity.oda.designer.feature.feature.group
[2023-12-16 12:16:44] Requirement org.eclipse.equinox.p2.iu:org.eclipse.datatools.connectivity.oda.feature.feature.group
[2023-12-16 12:16:44] Requirement org.eclipse.equinox.p2.iu:org.eclipse.datatools.doc.user.feature.group
[2023-12-16 12:16:44] Requirement org.eclipse.equinox.p2.iu:org.eclipse.datatools.enablement.apache.derby.feature.feature.group
[2023-12-16 12:16:44] Requirement org.eclipse.equinox.p2.iu:org.eclipse.datatools.enablement.feature.feature.group
[2023-12-16 12:16:44] Requirement org.eclipse.equinox.p2.iu:org.eclipse.datatools.enablement.hsqldb.feature.feature.group
[2023-12-16 12:16:44] Requirement org.eclipse.equinox.p2.iu:org.eclipse.datatools.enablement.ibm.feature.feature.group
[2023-12-16 12:16:44] Requirement org.eclipse.equinox.p2.iu:org.eclipse.datatools.enablement.ingres.feature.feature.group
[2023-12-16 12:16:44] Requirement org.eclipse.equinox.p2.iu:org.eclipse.datatools.enablement.jdbc.feature.feature.group
[2023-12-16 12:16:44] Requirement org.eclipse.equinox.p2.iu:org.eclipse.datatools.enablement.jdt.feature.feature.group
[2023-12-16 12:16:44] Requirement org.eclipse.equinox.p2.iu:org.eclipse.datatools.enablement.msft.feature.feature.group
[2023-12-16 12:16:44] Requirement org.eclipse.equinox.p2.iu:org.eclipse.datatools.enablement.mysql.feature.feature.group
[2023-12-16 12:16:44] Requirement org.eclipse.equinox.p2.iu:org.eclipse.datatools.enablement.oda.designer.feature.feature.group
[2023-12-16 12:16:44] Requirement org.eclipse.equinox.p2.iu:org.eclipse.datatools.enablement.oda.feature.feature.group
[2023-12-16 12:16:44] Requirement org.eclipse.equinox.p2.iu:org.eclipse.datatools.enablement.oracle.feature.feature.group
[2023-12-16 12:16:44] Requirement org.eclipse.equinox.p2.iu:org.eclipse.datatools.enablement.postgresql.feature.feature.group
[2023-12-16 12:16:44] Requirement org.eclipse.equinox.p2.iu:org.eclipse.datatools.enablement.sap.feature.feature.group
[2023-12-16 12:16:44] Requirement org.eclipse.equinox.p2.iu:org.eclipse.datatools.enablement.sdk.feature.feature.group
[2023-12-16 12:16:44] Requirement org.eclipse.equinox.p2.iu:org.eclipse.datatools.enablement.sqlite.feature.feature.group
[2023-12-16 12:16:44] Requirement org.eclipse.equinox.p2.iu:org.eclipse.datatools.enablement.sybase.feature.feature.group
[2023-12-16 12:16:44] Requirement org.eclipse.equinox.p2.iu:org.eclipse.datatools.intro.feature.group
[2023-12-16 12:16:44] Requirement org.eclipse.equinox.p2.iu:org.eclipse.datatools.modelbase.feature.feature.group
[2023-12-16 12:16:44] Requirement org.eclipse.equinox.p2.iu:org.eclipse.datatools.sdk.feature.feature.group
[2023-12-16 12:16:44] Requirement org.eclipse.equinox.p2.iu:org.eclipse.datatools.sqldevtools.data.feature.feature.group
[2023-12-16 12:16:44] Requirement org.eclipse.equinox.p2.iu:org.eclipse.datatools.sqldevtools.ddl.feature.feature.group
[2023-12-16 12:16:44] Requirement org.eclipse.equinox.p2.iu:org.eclipse.datatools.sqldevtools.ddlgen.feature.feature.group
[2023-12-16 12:16:44] Requirement org.eclipse.equinox.p2.iu:org.eclipse.datatools.sqldevtools.feature.feature.group
[2023-12-16 12:16:44] Requirement org.eclipse.equinox.p2.iu:org.eclipse.datatools.sqldevtools.parsers.feature.feature.group
[2023-12-16 12:16:44] Requirement org.eclipse.equinox.p2.iu:org.eclipse.datatools.sqldevtools.results.feature.feature.group
[2023-12-16 12:16:44] Requirement org.eclipse.equinox.p2.iu:org.eclipse.datatools.sqldevtools.schemaobjecteditor.feature.feature.group
[2023-12-16 12:16:44] Requirement org.eclipse.equinox.p2.iu:org.eclipse.datatools.sqldevtools.sqlbuilder.feature.feature.group
[2023-12-16 12:16:44] Requirement org.eclipse.equinox.p2.iu:org.eclipse.datatools.sqltools.doc.user.feature.group
[2023-12-16 12:16:44] Requirement org.eclipse.equinox.p2.iu:org.eclipse.eclemma.feature.feature.group
[2023-12-16 12:16:44] Requirement org.eclipse.equinox.p2.iu:org.eclipse.egit.feature.group
[2023-12-16 12:16:44] Requirement org.eclipse.equinox.p2.iu:org.eclipse.egit.mylyn.feature.group
[2023-12-16 12:16:44] Requirement org.eclipse.equinox.p2.iu:org.eclipse.epp.mpc.feature.group
[2023-12-16 12:16:44] Requirement org.eclipse.equinox.p2.iu:org.eclipse.jdt.feature.group
[2023-12-16 12:16:44] Requirement org.eclipse.equinox.p2.iu:org.eclipse.jpt.common.eclipselink.feature.feature.group
[2023-12-16 12:16:44] Requirement org.eclipse.equinox.p2.iu:org.eclipse.jpt.common.feature.feature.group
[2023-12-16 12:16:44] Requirement org.eclipse.equinox.p2.iu:org.eclipse.jpt.jaxb.eclipselink.feature.feature.group
[2023-12-16 12:16:44] Requirement org.eclipse.equinox.p2.iu:org.eclipse.jpt.jaxb.feature.feature.group
[2023-12-16 12:16:44] Requirement org.eclipse.equinox.p2.iu:org.eclipse.jpt.jpa.eclipselink.feature.feature.group
[2023-12-16 12:16:44] Requirement org.eclipse.equinox.p2.iu:org.eclipse.jpt.jpa.feature.feature.group
[2023-12-16 12:16:44] Requirement org.eclipse.equinox.p2.iu:org.eclipse.jsf.feature.feature.group
[2023-12-16 12:16:44] Requirement org.eclipse.equinox.p2.iu:org.eclipse.jst.common.fproj.enablement.jdt.feature.group
[2023-12-16 12:16:44] Requirement org.eclipse.equinox.p2.iu:org.eclipse.jst.enterprise_ui.feature.feature.group
[2023-12-16 12:16:44] Requirement org.eclipse.equinox.p2.iu:org.eclipse.jst.jsf.apache.trinidad.tagsupport.feature.feature.group
[2023-12-16 12:16:44] Requirement org.eclipse.equinox.p2.iu:org.eclipse.jst.server_adapters.ext.feature.feature.group
[2023-12-16 12:16:44] Requirement org.eclipse.equinox.p2.iu:org.eclipse.jst.server_adapters.feature.feature.group
[2023-12-16 12:16:44] Requirement org.eclipse.equinox.p2.iu:org.eclipse.jst.server_ui.feature.feature.group
[2023-12-16 12:16:44] Requirement org.eclipse.equinox.p2.iu:org.eclipse.jst.web_ui.feature.feature.group
[2023-12-16 12:16:44] Requirement org.eclipse.equinox.p2.iu:org.eclipse.jst.webpageeditor.feature.feature.group
[2023-12-16 12:16:44] Requirement org.eclipse.equinox.p2.iu:org.eclipse.jst.ws.axis2tools.feature.feature.group
[2023-12-16 12:16:44] Requirement org.eclipse.equinox.p2.iu:org.eclipse.jst.ws.cxf.feature.feature.group
[2023-12-16 12:16:44] Requirement org.eclipse.equinox.p2.iu:org.eclipse.jst.ws.jaxws.dom.feature.feature.group
[2023-12-16 12:16:44] Requirement org.eclipse.equinox.p2.iu:org.eclipse.jst.ws.jaxws.feature.feature.group
[2023-12-16 12:16:44] Requirement org.eclipse.equinox.p2.iu:org.eclipse.m2e.feature.feature.group
[2023-12-16 12:16:44] Requirement org.eclipse.equinox.p2.iu:org.eclipse.m2e.logback.feature.feature.group
[2023-12-16 12:16:44] Requirement org.eclipse.equinox.p2.iu:org.eclipse.m2e.wtp.feature.feature.group
[2023-12-16 12:16:44] Requirement org.eclipse.equinox.p2.iu:org.eclipse.m2e.wtp.jaxrs.feature.feature.group
[2023-12-16 12:16:44] Requirement org.eclipse.equinox.p2.iu:org.eclipse.m2e.wtp.jpa.feature.feature.group
[2023-12-16 12:16:44] Requirement org.eclipse.equinox.p2.iu:org.eclipse.m2e.wtp.jsf.feature.feature.group
[2023-12-16 12:16:44] Requirement org.eclipse.equinox.p2.iu:org.eclipse.mylyn.bugzilla_feature.feature.group
[2023-12-16 12:16:44] Requirement org.eclipse.equinox.p2.iu:org.eclipse.mylyn.context_feature.feature.group
[2023-12-16 12:16:44] Requirement org.eclipse.equinox.p2.iu:org.eclipse.mylyn.ide_feature.feature.group
[2023-12-16 12:16:44] Requirement org.eclipse.equinox.p2.iu:org.eclipse.mylyn.java_feature.feature.group
[2023-12-16 12:16:44] Requirement org.eclipse.equinox.p2.iu:org.eclipse.mylyn.wikitext_feature.feature.group
[2023-12-16 12:16:44] Requirement org.eclipse.equinox.p2.iu:org.eclipse.mylyn_feature.feature.group
[2023-12-16 12:16:44] Requirement org.eclipse.equinox.p2.iu:org.eclipse.pde.feature.group
[2023-12-16 12:16:44] Requirement org.eclipse.equinox.p2.iu:org.eclipse.tips.feature.feature.group
[2023-12-16 12:16:44] Requirement org.eclipse.equinox.p2.iu:org.eclipse.tm.terminal.feature.feature.group
[2023-12-16 12:16:44] Requirement org.eclipse.equinox.p2.iu:org.eclipse.wildwebdeveloper.feature.feature.group
[2023-12-16 12:16:44] Requirement org.eclipse.equinox.p2.iu:org.eclipse.wst.common.fproj.feature.group
[2023-12-16 12:16:44] Requirement org.eclipse.equinox.p2.iu:org.eclipse.wst.server_adapters.feature.feature.group
[2023-12-16 12:16:44] Requirement org.eclipse.equinox.p2.iu:org.eclipse.wst.xsl.feature.feature.group
[2023-12-16 12:16:44] Requirement org.eclipse.equinox.p2.iu:org.eclipse.oomph.setup.feature.group
[2023-12-16 12:16:44] Repository https://download.eclipse.org/technology/epp/packages/2020-06
[2023-12-16 12:16:44] Repository https://download.eclipse.org/releases/2020-06/202006171000
[2023-12-16 12:16:44] Repository http://download.eclipse.org/oomph/updates/milestone/latest
[2023-12-16 12:16:44] ERROR: org.eclipse.equinox.p2.transport.ecf code=1006 Unknown Host: https://download.eclipse.org/technology/epp/packages/2020-06/content.xml
java.net.UnknownHostException: download.eclipse.org
  at java.net.InetAddress.getAllByName0(Unknown Source)
  at java.net.InetAddress.getAllByName(Unknown Source)
  at java.net.InetAddress.getAllByName(Unknown Source)
  at org.apache.http.impl.conn.SystemDefaultDnsResolver.resolve(SystemDefaultDnsResolver.java:45)
  at org.apache.http.impl.conn.DefaultHttpClientConnectionOperator.connect(DefaultHttpClientConnectionOperator.java:112)
  at org.apache.http.impl.conn.PoolingHttpClientConnectionManager.connect(PoolingHttpClientConnectionManager.java:374)
  at org.apache.http.impl.execchain.MainClientExec.establishRoute(MainClientExec.java:393)
  at org.apache.http.impl.execchain.MainClientExec.execute(MainClientExec.java:236)
  at org.apache.http.impl.execchain.ProtocolExec.execute(ProtocolExec.java:186)
  at org.apache.http.impl.execchain.RetryExec.execute(RetryExec.java:89)
  at org.apache.http.impl.execchain.RedirectExec.execute(RedirectExec.java:110)
  at org.apache.http.impl.client.InternalHttpClient.doExecute(InternalHttpClient.java:185)
  at org.apache.http.impl.client.CloseableHttpClient.execute(CloseableHttpClient.java:83)
  at org.eclipse.ecf.provider.filetransfer.httpclient45.HttpClientFileSystemBrowser.runRequest(HttpClientFileSystemBrowser.java:246)
  at org.eclipse.ecf.provider.filetransfer.browse.AbstractFileSystemBrowser$DirectoryJob.run(AbstractFileSystemBrowser.java:69)
  at org.eclipse.core.internal.jobs.Worker.run(Worker.java:63)

[2023-12-16 12:16:44] 
